<?xml version="1.0" encoding="UTF-8"?>
<!-- Generated by org.testng.reporters.JUnitXMLReporter -->
<testsuite ignored="0" hostname="DESKTOP-FUGQNF4" failures="1" tests="6" name="Default test(failed)" time="75.766" errors="0" timestamp="2023-05-19T21:18:25 IST">
  <testcase classname="comcast.vtiger.genericutility.BaseClass" name="@BeforeMethod BM" time="25.59">
    <failure type="org.openqa.selenium.NoSuchElementException" message="no such element: Unable to locate element: {&amp;quot;method&amp;quot;:&amp;quot;css selector&amp;quot;,&amp;quot;selector&amp;quot;:&amp;quot;*[name=&amp;apos;user_name&amp;apos;]&amp;quot;}
  (Session info: chrome=113.0.5672.127)
For documentation on this error, please visit: https://www.seleniumhq.org/exceptions/no_such_element.html
Build info: version: &amp;apos;3.141.59&amp;apos;, revision: &amp;apos;e82be7d358&amp;apos;, time: &amp;apos;2018-11-14T08:17:03&amp;apos;
System info: host: &amp;apos;DESKTOP-FUGQNF4&amp;apos;, ip: &amp;apos;192.168.215.202&amp;apos;, os.name: &amp;apos;Windows 10&amp;apos;, os.arch: &amp;apos;amd64&amp;apos;, os.version: &amp;apos;10.0&amp;apos;, java.version: &amp;apos;16.0.1&amp;apos;
Driver info: org.openqa.selenium.chrome.ChromeDriver
Capabilities {acceptInsecureCerts: false, browserName: chrome, browserVersion: 113.0.5672.127, chrome: {chromedriverVersion: 113.0.5672.63 (0e1a4471d5ae..., userDataDir: C:\Program Files (x86)\scop...}, goog:chromeOptions: {debuggerAddress: localhost:50337}, javascriptEnabled: true, networkConnectionEnabled: false, pageLoadStrategy: normal, platform: WINDOWS, platformName: WINDOWS, proxy: Proxy(), setWindowRect: true, strictFileInteractability: false, timeouts: {implicit: 0, pageLoad: 300000, script: 30000}, unhandledPromptBehavior: dismiss and notify, webauthn:extension:credBlob: true, webauthn:extension:largeBlob: true, webauthn:extension:minPinLength: true, webauthn:extension:prf: true, webauthn:virtualAuthenticators: true}
Session ID: 656b5996dd823f08184d2b94829700b1
*** Element info: {Using=name, value=user_name}">
      <![CDATA[org.openqa.selenium.NoSuchElementException: no such element: Unable to locate element: {"method":"css selector","selector":"*[name='user_name']"}
  (Session info: chrome=113.0.5672.127)
For documentation on this error, please visit: https://www.seleniumhq.org/exceptions/no_such_element.html
Build info: version: '3.141.59', revision: 'e82be7d358', time: '2018-11-14T08:17:03'
System info: host: 'DESKTOP-FUGQNF4', ip: '192.168.215.202', os.name: 'Windows 10', os.arch: 'amd64', os.version: '10.0', java.version: '16.0.1'
Driver info: org.openqa.selenium.chrome.ChromeDriver
Capabilities {acceptInsecureCerts: false, browserName: chrome, browserVersion: 113.0.5672.127, chrome: {chromedriverVersion: 113.0.5672.63 (0e1a4471d5ae..., userDataDir: C:\Program Files (x86)\scop...}, goog:chromeOptions: {debuggerAddress: localhost:50337}, javascriptEnabled: true, networkConnectionEnabled: false, pageLoadStrategy: normal, platform: WINDOWS, platformName: WINDOWS, proxy: Proxy(), setWindowRect: true, strictFileInteractability: false, timeouts: {implicit: 0, pageLoad: 300000, script: 30000}, unhandledPromptBehavior: dismiss and notify, webauthn:extension:credBlob: true, webauthn:extension:largeBlob: true, webauthn:extension:minPinLength: true, webauthn:extension:prf: true, webauthn:virtualAuthenticators: true}
Session ID: 656b5996dd823f08184d2b94829700b1
*** Element info: {Using=name, value=user_name}
at org.openqa.selenium.remote.http.W3CHttpResponseCodec.createException(W3CHttpResponseCodec.java:187)
at org.openqa.selenium.remote.http.W3CHttpResponseCodec.decode(W3CHttpResponseCodec.java:122)
at org.openqa.selenium.remote.http.W3CHttpResponseCodec.decode(W3CHttpResponseCodec.java:49)
at org.openqa.selenium.remote.HttpCommandExecutor.execute(HttpCommandExecutor.java:158)
at org.openqa.selenium.remote.service.DriverCommandExecutor.execute(DriverCommandExecutor.java:83)
at org.openqa.selenium.remote.RemoteWebDriver.execute(RemoteWebDriver.java:552)
at org.openqa.selenium.remote.RemoteWebDriver.findElement(RemoteWebDriver.java:323)
at org.openqa.selenium.remote.RemoteWebDriver.findElementByName(RemoteWebDriver.java:404)
at org.openqa.selenium.By$ByName.findElement(By.java:284)
at org.openqa.selenium.remote.RemoteWebDriver.findElement(RemoteWebDriver.java:315)
at org.openqa.selenium.support.pagefactory.DefaultElementLocator.findElement(DefaultElementLocator.java:69)
at org.openqa.selenium.support.pagefactory.internal.LocatingElementHandler.invoke(LocatingElementHandler.java:38)
at jdk.proxy2/jdk.proxy2.$Proxy18.sendKeys(Unknown Source)
at comcast.vtiger.objectRepository.LoginPage.login(LoginPage.java:46)
at comcast.vtiger.genericutility.BaseClass.BM(BaseClass.java:85)
at java.base/java.util.ArrayList.forEach(ArrayList.java:1511)
... Removed 36 stack frames]]>
    </failure>
  </testcase> <!-- @BeforeMethod BM -->
  <testcase classname="comcast.vtiger.genericutility.BaseClass" name="@AfterMethod AM" time="-1.684511288111E9">
    <skipped/>
  </testcase> <!-- @AfterMethod AM -->
  <testcase classname="comcast.vtiger.genericutility.BaseClass" name="@AfterMethod AS" time="-1.684511288112E9">
    <skipped/>
  </testcase> <!-- @AfterMethod AS -->
  <testcase classname="comcast.vtiger.genericutility.BaseClass" name="@BeforeMethod BM" time="-1.684511288114E9">
    <skipped/>
  </testcase> <!-- @BeforeMethod BM -->
  <testcase classname="comcast.vtiger.genericutility.BaseClass" name="@AfterMethod AM" time="-1.684511289251E9">
    <skipped/>
  </testcase> <!-- @AfterMethod AM -->
  <testcase classname="comcast.vtiger.genericutility.BaseClass" name="@AfterMethod AS" time="-1.684511289256E9">
    <skipped/>
  </testcase> <!-- @AfterMethod AS -->
  <testcase classname="comcast.vtiger.genericutility.BaseClass" name="@BeforeMethod BM" time="-1.684511289258E9">
    <skipped/>
  </testcase> <!-- @BeforeMethod BM -->
  <testcase classname="comcast.vtiger.genericutility.BaseClass" name="@AfterMethod AM" time="-1.684511293642E9">
    <skipped/>
  </testcase> <!-- @AfterMethod AM -->
  <testcase classname="comcast.vtiger.genericutility.BaseClass" name="@AfterMethod AS" time="-1.684511293647E9">
    <skipped/>
  </testcase> <!-- @AfterMethod AS -->
  <testcase classname="comcast.vtiger.genericutility.BaseClass" name="@BeforeMethod BM" time="-1.684511293649E9">
    <skipped/>
  </testcase> <!-- @BeforeMethod BM -->
  <testcase classname="comcast.vtiger.genericutility.BaseClass" name="@AfterMethod AM" time="-1.6845112997E9">
    <skipped/>
  </testcase> <!-- @AfterMethod AM -->
  <testcase classname="comcast.vtiger.genericutility.BaseClass" name="@AfterMethod AS" time="-1.684511299702E9">
    <skipped/>
  </testcase> <!-- @AfterMethod AS -->
  <testcase classname="comcast.vtiger.genericutility.BaseClass" name="@BeforeMethod BM" time="-1.684511299704E9">
    <skipped/>
  </testcase> <!-- @BeforeMethod BM -->
  <testcase classname="comcast.vtiger.genericutility.BaseClass" name="@AfterMethod AM" time="-1.684511304855E9">
    <skipped/>
  </testcase> <!-- @AfterMethod AM -->
  <testcase classname="comcast.vtiger.genericutility.BaseClass" name="@AfterMethod AS" time="-1.684511304856E9">
    <skipped/>
  </testcase> <!-- @AfterMethod AS -->
  <testcase classname="comcast.vtiger.genericutility.BaseClass" name="@AfterClass AC" time="-1.684511304868E9">
    <skipped/>
  </testcase> <!-- @AfterClass AC -->
  <testcase classname="com.crm.sdet.organization.CreateOrganizationTest" name="createOrganization" time="11.589">
    <skipped/>
  </testcase> <!-- createOrganization -->
  <testcase classname="com.crm.sdet.organization.CreateOrganizationTest" name="createOrganization" time="10.101">
    <skipped/>
  </testcase> <!-- createOrganization -->
  <testcase classname="com.crm.sdet.organization.CreateOrganizationTest" name="createOrganization" time="1.129">
    <skipped/>
  </testcase> <!-- createOrganization -->
  <testcase classname="com.crm.sdet.organization.CreateOrganizationTest" name="createOrganization" time="4.379">
    <skipped/>
  </testcase> <!-- createOrganization -->
  <testcase classname="com.crm.sdet.organization.CreateOrganizationTest" name="createOrganization" time="6.045">
    <skipped/>
  </testcase> <!-- createOrganization -->
  <testcase classname="com.crm.sdet.organization.CreateOrganizationTest" name="createOrganization" time="4.68">
    <failure type="org.openqa.selenium.StaleElementReferenceException" message="stale element reference: stale element not found
  (Session info: chrome=113.0.5672.127)
For documentation on this error, please visit: https://www.seleniumhq.org/exceptions/stale_element_reference.html
Build info: version: &amp;apos;3.141.59&amp;apos;, revision: &amp;apos;e82be7d358&amp;apos;, time: &amp;apos;2018-11-14T08:17:03&amp;apos;
System info: host: &amp;apos;DESKTOP-FUGQNF4&amp;apos;, ip: &amp;apos;192.168.215.202&amp;apos;, os.name: &amp;apos;Windows 10&amp;apos;, os.arch: &amp;apos;amd64&amp;apos;, os.version: &amp;apos;10.0&amp;apos;, java.version: &amp;apos;16.0.1&amp;apos;
Driver info: org.openqa.selenium.chrome.ChromeDriver
Capabilities {acceptInsecureCerts: false, browserName: chrome, browserVersion: 113.0.5672.127, chrome: {chromedriverVersion: 113.0.5672.63 (0e1a4471d5ae..., userDataDir: C:\Program Files (x86)\scop...}, goog:chromeOptions: {debuggerAddress: localhost:50337}, javascriptEnabled: true, networkConnectionEnabled: false, pageLoadStrategy: normal, platform: WINDOWS, platformName: WINDOWS, proxy: Proxy(), setWindowRect: true, strictFileInteractability: false, timeouts: {implicit: 0, pageLoad: 300000, script: 30000}, unhandledPromptBehavior: dismiss and notify, webauthn:extension:credBlob: true, webauthn:extension:largeBlob: true, webauthn:extension:minPinLength: true, webauthn:extension:prf: true, webauthn:virtualAuthenticators: true}
Session ID: 656b5996dd823f08184d2b94829700b1">
      <![CDATA[org.openqa.selenium.StaleElementReferenceException: stale element reference: stale element not found
  (Session info: chrome=113.0.5672.127)
For documentation on this error, please visit: https://www.seleniumhq.org/exceptions/stale_element_reference.html
Build info: version: '3.141.59', revision: 'e82be7d358', time: '2018-11-14T08:17:03'
System info: host: 'DESKTOP-FUGQNF4', ip: '192.168.215.202', os.name: 'Windows 10', os.arch: 'amd64', os.version: '10.0', java.version: '16.0.1'
Driver info: org.openqa.selenium.chrome.ChromeDriver
Capabilities {acceptInsecureCerts: false, browserName: chrome, browserVersion: 113.0.5672.127, chrome: {chromedriverVersion: 113.0.5672.63 (0e1a4471d5ae..., userDataDir: C:\Program Files (x86)\scop...}, goog:chromeOptions: {debuggerAddress: localhost:50337}, javascriptEnabled: true, networkConnectionEnabled: false, pageLoadStrategy: normal, platform: WINDOWS, platformName: WINDOWS, proxy: Proxy(), setWindowRect: true, strictFileInteractability: false, timeouts: {implicit: 0, pageLoad: 300000, script: 30000}, unhandledPromptBehavior: dismiss and notify, webauthn:extension:credBlob: true, webauthn:extension:largeBlob: true, webauthn:extension:minPinLength: true, webauthn:extension:prf: true, webauthn:virtualAuthenticators: true}
Session ID: 656b5996dd823f08184d2b94829700b1
at org.openqa.selenium.remote.http.W3CHttpResponseCodec.createException(W3CHttpResponseCodec.java:187)
at org.openqa.selenium.remote.http.W3CHttpResponseCodec.decode(W3CHttpResponseCodec.java:122)
at org.openqa.selenium.remote.http.W3CHttpResponseCodec.decode(W3CHttpResponseCodec.java:49)
at org.openqa.selenium.remote.HttpCommandExecutor.execute(HttpCommandExecutor.java:158)
at org.openqa.selenium.remote.service.DriverCommandExecutor.execute(DriverCommandExecutor.java:83)
at org.openqa.selenium.remote.RemoteWebDriver.execute(RemoteWebDriver.java:552)
at org.openqa.selenium.remote.RemoteWebElement.execute(RemoteWebElement.java:285)
at org.openqa.selenium.remote.RemoteWebElement.click(RemoteWebElement.java:84)
at org.openqa.selenium.support.pagefactory.internal.LocatingElementHandler.invoke(LocatingElementHandler.java:51)
at jdk.proxy2/jdk.proxy2.$Proxy18.click(Unknown Source)
at comcast.vtiger.objectRepository.HomePage.organizationModule(HomePage.java:92)
at com.crm.sdet.organization.CreateOrganizationTest.createOrganization(CreateOrganizationTest.java:38)
at java.base/java.util.ArrayList.forEach(ArrayList.java:1511)
... Removed 36 stack frames]]>
    </failure>
  </testcase> <!-- createOrganization -->
</testsuite> <!-- Default test(failed) -->
