<?xml version="1.0" encoding="UTF-8"?>
<!-- Generated by org.testng.reporters.JUnitReportReporter -->
<testsuite hostname="DESKTOP-FUGQNF4" failures="0" tests="2" name="com.crm.sdet.campaign.CreateCampaignwithproductTest" time="16.097" errors="1" timestamp="2023-05-22T00:12:32 IST" skipped="1">
  <testcase classname="com.crm.sdet.campaign.CreateCampaignwithproductTest" name="BC" time="16.097">
    <error message="disconnected: not connected to DevTools
  (failed to check if window was closed: disconnected: not connected to DevTools)
  (Session info: chrome=113.0.5672.127)
Build info: version: &#039;3.141.59&#039;, revision: &#039;e82be7d358&#039;, time: &#039;2018-11-14T08:17:03&#039;
System info: host: &#039;DESKTOP-FUGQNF4&#039;, ip: &#039;192.168.215.202&#039;, os.name: &#039;Windows 10&#039;, os.arch: &#039;amd64&#039;, os.version: &#039;10.0&#039;, java.version: &#039;16.0.1&#039;
Driver info: driver.version: ChromeDriver
remote stacktrace: Backtrace:
	GetHandleVerifier [0x00948893+48451]
	(No symbol) [0x008DB8A1]
	(No symbol) [0x007E5058]
	(No symbol) [0x007D6F0B]
	(No symbol) [0x007D75CA]
	(No symbol) [0x007D7568]
	(No symbol) [0x007CC0BA]
	(No symbol) [0x007CBEDD]
	(No symbol) [0x00830853]
	(No symbol) [0x0083047C]
	(No symbol) [0x0082A0B6]
	(No symbol) [0x00807E08]
	(No symbol) [0x00808F2D]
	GetHandleVerifier [0x00BA8E3A+2540266]
	GetHandleVerifier [0x00BE8959+2801161]
	GetHandleVerifier [0x00BE295C+2776588]
	GetHandleVerifier [0x009D2280+612144]
	(No symbol) [0x008E4F6C]
	(No symbol) [0x008E11D8]
	(No symbol) [0x008E12BB]
	(No symbol) [0x008D4857]
	BaseThreadInitThunk [0x76B100C9+25]
	RtlGetAppContainerNamedObjectPath [0x77C57B4E+286]
	RtlGetAppContainerNamedObjectPath [0x77C57B1E+238]
" type="org.openqa.selenium.WebDriverException">
      <![CDATA[org.openqa.selenium.WebDriverException: disconnected: not connected to DevTools
  (failed to check if window was closed: disconnected: not connected to DevTools)
  (Session info: chrome=113.0.5672.127)
Build info: version: '3.141.59', revision: 'e82be7d358', time: '2018-11-14T08:17:03'
System info: host: 'DESKTOP-FUGQNF4', ip: '192.168.215.202', os.name: 'Windows 10', os.arch: 'amd64', os.version: '10.0', java.version: '16.0.1'
Driver info: driver.version: ChromeDriver
remote stacktrace: Backtrace:
GetHandleVerifier [0x00948893+48451]
(No symbol) [0x008DB8A1]
(No symbol) [0x007E5058]
(No symbol) [0x007D6F0B]
(No symbol) [0x007D75CA]
(No symbol) [0x007D7568]
(No symbol) [0x007CC0BA]
(No symbol) [0x007CBEDD]
(No symbol) [0x00830853]
(No symbol) [0x0083047C]
(No symbol) [0x0082A0B6]
(No symbol) [0x00807E08]
(No symbol) [0x00808F2D]
GetHandleVerifier [0x00BA8E3A+2540266]
GetHandleVerifier [0x00BE8959+2801161]
GetHandleVerifier [0x00BE295C+2776588]
GetHandleVerifier [0x009D2280+612144]
(No symbol) [0x008E4F6C]
(No symbol) [0x008E11D8]
(No symbol) [0x008E12BB]
(No symbol) [0x008D4857]
BaseThreadInitThunk [0x76B100C9+25]
RtlGetAppContainerNamedObjectPath [0x77C57B4E+286]
RtlGetAppContainerNamedObjectPath [0x77C57B1E+238]

at java.base/jdk.internal.reflect.NativeConstructorAccessorImpl.newInstance0(Native Method)
at java.base/jdk.internal.reflect.NativeConstructorAccessorImpl.newInstance(NativeConstructorAccessorImpl.java:78)
at java.base/jdk.internal.reflect.DelegatingConstructorAccessorImpl.newInstance(DelegatingConstructorAccessorImpl.java:45)
at java.base/java.lang.reflect.Constructor.newInstanceWithCaller(Constructor.java:499)
at java.base/java.lang.reflect.Constructor.newInstance(Constructor.java:480)
at org.openqa.selenium.remote.W3CHandshakeResponse.lambda$errorHandler$0(W3CHandshakeResponse.java:62)
at org.openqa.selenium.remote.HandshakeResponse.lambda$getResponseFunction$0(HandshakeResponse.java:30)
at org.openqa.selenium.remote.ProtocolHandshake.lambda$createSession$0(ProtocolHandshake.java:126)
at java.base/java.util.stream.ReferencePipeline$3$1.accept(ReferencePipeline.java:197)
at java.base/java.util.Spliterators$ArraySpliterator.tryAdvance(Spliterators.java:958)
at java.base/java.util.stream.ReferencePipeline.forEachWithCancel(ReferencePipeline.java:129)
at java.base/java.util.stream.AbstractPipeline.copyIntoWithCancel(AbstractPipeline.java:502)
at java.base/java.util.stream.AbstractPipeline.copyInto(AbstractPipeline.java:488)
at java.base/java.util.stream.AbstractPipeline.wrapAndCopyInto(AbstractPipeline.java:474)
at java.base/java.util.stream.FindOps$FindOp.evaluateSequential(FindOps.java:150)
at java.base/java.util.stream.AbstractPipeline.evaluate(AbstractPipeline.java:234)
at java.base/java.util.stream.ReferencePipeline.findFirst(ReferencePipeline.java:647)
at org.openqa.selenium.remote.ProtocolHandshake.createSession(ProtocolHandshake.java:128)
at org.openqa.selenium.remote.ProtocolHandshake.createSession(ProtocolHandshake.java:74)
at org.openqa.selenium.remote.HttpCommandExecutor.execute(HttpCommandExecutor.java:136)
at org.openqa.selenium.remote.service.DriverCommandExecutor.execute(DriverCommandExecutor.java:83)
at org.openqa.selenium.remote.RemoteWebDriver.execute(RemoteWebDriver.java:552)
at org.openqa.selenium.remote.RemoteWebDriver.startSession(RemoteWebDriver.java:213)
at org.openqa.selenium.remote.RemoteWebDriver.<init>(RemoteWebDriver.java:131)
at org.openqa.selenium.chrome.ChromeDriver.<init>(ChromeDriver.java:181)
at org.openqa.selenium.chrome.ChromeDriver.<init>(ChromeDriver.java:168)
at org.openqa.selenium.chrome.ChromeDriver.<init>(ChromeDriver.java:123)
at comcast.vtiger.genericutility.BaseClass.BC(BaseClass.java:44)
at java.base/jdk.internal.reflect.NativeMethodAccessorImpl.invoke0(Native Method)
at java.base/jdk.internal.reflect.NativeMethodAccessorImpl.invoke(NativeMethodAccessorImpl.java:78)
at java.base/jdk.internal.reflect.DelegatingMethodAccessorImpl.invoke(DelegatingMethodAccessorImpl.java:43)
at java.base/java.lang.reflect.Method.invoke(Method.java:567)
at org.testng.internal.MethodInvocationHelper.invokeMethod(MethodInvocationHelper.java:133)
at org.testng.internal.MethodInvocationHelper.invokeMethodConsideringTimeout(MethodInvocationHelper.java:62)
at org.testng.internal.ConfigInvoker.invokeConfigurationMethod(ConfigInvoker.java:385)
at org.testng.internal.ConfigInvoker.invokeConfigurations(ConfigInvoker.java:321)
at org.testng.internal.TestMethodWorker.invokeBeforeClassMethods(TestMethodWorker.java:176)
at org.testng.internal.TestMethodWorker.run(TestMethodWorker.java:122)
at java.base/java.util.ArrayList.forEach(ArrayList.java:1511)
at org.testng.TestRunner.privateRun(TestRunner.java:794)
at org.testng.TestRunner.run(TestRunner.java:596)
at org.testng.SuiteRunner.runTest(SuiteRunner.java:377)
at org.testng.SuiteRunner.access$000(SuiteRunner.java:28)
at org.testng.SuiteRunner$SuiteWorker.run(SuiteRunner.java:418)
at org.testng.internal.thread.ThreadUtil.lambda$execute$0(ThreadUtil.java:64)
at java.base/java.util.concurrent.FutureTask.run(FutureTask.java:264)
at java.base/java.util.concurrent.ThreadPoolExecutor.runWorker(ThreadPoolExecutor.java:1130)
at java.base/java.util.concurrent.ThreadPoolExecutor$Worker.run(ThreadPoolExecutor.java:630)
at java.base/java.lang.Thread.run(Thread.java:831)
]]>
    </error>
  </testcase> <!-- BC -->
  <system-out/>
  <testcase classname="com.crm.sdet.campaign.CreateCampaignwithproductTest" name="createCampaignwithProduct" time="0.000">
    <skipped/>
  </testcase> <!-- createCampaignwithProduct -->
  <system-out/>
</testsuite> <!-- com.crm.sdet.campaign.CreateCampaignwithproductTest -->
