<?xml version="1.0" encoding="UTF-8"?>
<!-- Generated by org.testng.reporters.JUnitXMLReporter -->
<testsuite ignored="0" hostname="DESKTOP-FUGQNF4" failures="1" tests="1" name="Test" time="24.742" errors="0" timestamp="2023-05-19T17:48:16 IST">
  <testcase classname="com.crm.sdet.organization.CreateOrganizationTest" name="createOrganization" time="11.746">
    <failure type="java.lang.AssertionError" message="expected [true] but found [false]">
      <![CDATA[java.lang.AssertionError: expected [true] but found [false]
at com.crm.sdet.organization.CreateOrganizationTest.createOrganization(CreateOrganizationTest.java:55)
at java.base/java.util.ArrayList.forEach(ArrayList.java:1511)
... Removed 33 stack frames]]>
    </failure>
  </testcase> <!-- createOrganization -->
</testsuite> <!-- Test -->
