<?xml version="1.0" encoding="UTF-8"?>
<!-- Generated by org.testng.reporters.JUnitXMLReporter -->
<testsuite ignored="0" hostname="DESKTOP-FUGQNF4" failures="0" tests="1" name="Test3" time="16.186" errors="0" timestamp="2023-05-22T00:12:31 IST">
  <testcase classname="comcast.vtiger.genericutility.BaseClass" name="@BeforeClass BC" time="16.097">
    <failure type="org.openqa.selenium.WebDriverException" message="disconnected: not connected to DevTools
  (failed to check if window was closed: disconnected: not connected to DevTools)
  (Session info: chrome=113.0.5672.127)
Build info: version: &amp;apos;3.141.59&amp;apos;, revision: &amp;apos;e82be7d358&amp;apos;, time: &amp;apos;2018-11-14T08:17:03&amp;apos;
System info: host: &amp;apos;DESKTOP-FUGQNF4&amp;apos;, ip: &amp;apos;192.168.215.202&amp;apos;, os.name: &amp;apos;Windows 10&amp;apos;, os.arch: &amp;apos;amd64&amp;apos;, os.version: &amp;apos;10.0&amp;apos;, java.version: &amp;apos;16.0.1&amp;apos;
Driver info: driver.version: ChromeDriver
remote stacktrace: Backtrace:
	GetHandleVerifier [0x00948893+48451]
	(No symbol) [0x008DB8A1]
	(No symbol) [0x007E5058]
	(No symbol) [0x007D6F0B]
	(No symbol) [0x007D75CA]
	(No symbol) [0x007D7568]
	(No symbol) [0x007CC0BA]
	(No symbol) [0x007CBEDD]
	(No symbol) [0x00830853]
	(No symbol) [0x0083047C]
	(No symbol) [0x0082A0B6]
	(No symbol) [0x00807E08]
	(No symbol) [0x00808F2D]
	GetHandleVerifier [0x00BA8E3A+2540266]
	GetHandleVerifier [0x00BE8959+2801161]
	GetHandleVerifier [0x00BE295C+2776588]
	GetHandleVerifier [0x009D2280+612144]
	(No symbol) [0x008E4F6C]
	(No symbol) [0x008E11D8]
	(No symbol) [0x008E12BB]
	(No symbol) [0x008D4857]
	BaseThreadInitThunk [0x76B100C9+25]
	RtlGetAppContainerNamedObjectPath [0x77C57B4E+286]
	RtlGetAppContainerNamedObjectPath [0x77C57B1E+238]
">
      <![CDATA[org.openqa.selenium.WebDriverException: disconnected: not connected to DevTools
  (failed to check if window was closed: disconnected: not connected to DevTools)
  (Session info: chrome=113.0.5672.127)
Build info: version: '3.141.59', revision: 'e82be7d358', time: '2018-11-14T08:17:03'
System info: host: 'DESKTOP-FUGQNF4', ip: '192.168.215.202', os.name: 'Windows 10', os.arch: 'amd64', os.version: '10.0', java.version: '16.0.1'
Driver info: driver.version: ChromeDriver
remote stacktrace: Backtrace:
GetHandleVerifier [0x00948893+48451]
(No symbol) [0x008DB8A1]
(No symbol) [0x007E5058]
(No symbol) [0x007D6F0B]
(No symbol) [0x007D75CA]
(No symbol) [0x007D7568]
(No symbol) [0x007CC0BA]
(No symbol) [0x007CBEDD]
(No symbol) [0x00830853]
(No symbol) [0x0083047C]
(No symbol) [0x0082A0B6]
(No symbol) [0x00807E08]
(No symbol) [0x00808F2D]
GetHandleVerifier [0x00BA8E3A+2540266]
GetHandleVerifier [0x00BE8959+2801161]
GetHandleVerifier [0x00BE295C+2776588]
GetHandleVerifier [0x009D2280+612144]
(No symbol) [0x008E4F6C]
(No symbol) [0x008E11D8]
(No symbol) [0x008E12BB]
(No symbol) [0x008D4857]
BaseThreadInitThunk [0x76B100C9+25]
RtlGetAppContainerNamedObjectPath [0x77C57B4E+286]
RtlGetAppContainerNamedObjectPath [0x77C57B1E+238]

at org.openqa.selenium.remote.W3CHandshakeResponse.lambda$errorHandler$0(W3CHandshakeResponse.java:62)
at org.openqa.selenium.remote.HandshakeResponse.lambda$getResponseFunction$0(HandshakeResponse.java:30)
at org.openqa.selenium.remote.ProtocolHandshake.lambda$createSession$0(ProtocolHandshake.java:126)
at java.base/java.util.stream.ReferencePipeline$3$1.accept(ReferencePipeline.java:197)
at java.base/java.util.Spliterators$ArraySpliterator.tryAdvance(Spliterators.java:958)
at java.base/java.util.stream.ReferencePipeline.forEachWithCancel(ReferencePipeline.java:129)
at java.base/java.util.stream.AbstractPipeline.copyIntoWithCancel(AbstractPipeline.java:502)
at java.base/java.util.stream.AbstractPipeline.copyInto(AbstractPipeline.java:488)
at java.base/java.util.stream.AbstractPipeline.wrapAndCopyInto(AbstractPipeline.java:474)
at java.base/java.util.stream.FindOps$FindOp.evaluateSequential(FindOps.java:150)
at java.base/java.util.stream.AbstractPipeline.evaluate(AbstractPipeline.java:234)
at java.base/java.util.stream.ReferencePipeline.findFirst(ReferencePipeline.java:647)
at org.openqa.selenium.remote.ProtocolHandshake.createSession(ProtocolHandshake.java:128)
at org.openqa.selenium.remote.ProtocolHandshake.createSession(ProtocolHandshake.java:74)
at org.openqa.selenium.remote.HttpCommandExecutor.execute(HttpCommandExecutor.java:136)
at org.openqa.selenium.remote.service.DriverCommandExecutor.execute(DriverCommandExecutor.java:83)
at org.openqa.selenium.remote.RemoteWebDriver.execute(RemoteWebDriver.java:552)
at org.openqa.selenium.remote.RemoteWebDriver.startSession(RemoteWebDriver.java:213)
at org.openqa.selenium.remote.RemoteWebDriver.<init>(RemoteWebDriver.java:131)
at org.openqa.selenium.chrome.ChromeDriver.<init>(ChromeDriver.java:181)
at org.openqa.selenium.chrome.ChromeDriver.<init>(ChromeDriver.java:168)
at org.openqa.selenium.chrome.ChromeDriver.<init>(ChromeDriver.java:123)
at comcast.vtiger.genericutility.BaseClass.BC(BaseClass.java:44)
at java.base/java.util.ArrayList.forEach(ArrayList.java:1511)
at java.base/java.util.concurrent.FutureTask.run(FutureTask.java:264)
at java.base/java.util.concurrent.ThreadPoolExecutor.runWorker(ThreadPoolExecutor.java:1130)
at java.base/java.util.concurrent.ThreadPoolExecutor$Worker.run(ThreadPoolExecutor.java:630)
at java.base/java.lang.Thread.run(Thread.java:831)
... Removed 21 stack frames]]>
    </failure>
  </testcase> <!-- @BeforeClass BC -->
  <testcase classname="comcast.vtiger.genericutility.BaseClass" name="@BeforeMethod BM" time="-1.684694551755E9">
    <skipped/>
  </testcase> <!-- @BeforeMethod BM -->
  <testcase classname="comcast.vtiger.genericutility.BaseClass" name="@AfterMethod AM" time="-1.684694551772E9">
    <skipped/>
  </testcase> <!-- @AfterMethod AM -->
  <testcase classname="comcast.vtiger.genericutility.BaseClass" name="@AfterMethod AS" time="-1.684694551774E9">
    <skipped/>
  </testcase> <!-- @AfterMethod AS -->
  <testcase classname="comcast.vtiger.genericutility.BaseClass" name="@AfterClass AC" time="-1.684694551777E9">
    <skipped/>
  </testcase> <!-- @AfterClass AC -->
  <testcase classname="com.crm.sdet.campaign.CreateCampaignwithproductTest" name="createCampaignwithProduct" time="0.0">
    <skipped/>
  </testcase> <!-- createCampaignwithProduct -->
</testsuite> <!-- Test3 -->
